{"total": {"lines":{"total":267,"covered":255,"skipped":0,"pct":95.5},"statements":{"total":293,"covered":266,"skipped":0,"pct":90.78},"functions":{"total":45,"covered":45,"skipped":0,"pct":100},"branches":{"total":164,"covered":139,"skipped":0,"pct":84.75},"branchesTrue":{"total":0,"covered":0,"skipped":0,"pct":100}}
,"/home/nicog/Documentos/Calculator/frontend/src/App.tsx": {"lines":{"total":11,"covered":11,"skipped":0,"pct":100},"functions":{"total":5,"covered":5,"skipped":0,"pct":100},"statements":{"total":11,"covered":11,"skipped":0,"pct":100},"branches":{"total":4,"covered":4,"skipped":0,"pct":100}}
,"/home/nicog/Documentos/Calculator/frontend/src/components/Calculator.tsx": {"lines":{"total":244,"covered":232,"skipped":0,"pct":95.08},"functions":{"total":38,"covered":38,"skipped":0,"pct":100},"statements":{"total":270,"covered":243,"skipped":0,"pct":90},"branches":{"total":152,"covered":127,"skipped":0,"pct":83.55}}
,"/home/nicog/Documentos/Calculator/frontend/src/services/calculatorApi.ts": {"lines":{"total":12,"covered":12,"skipped":0,"pct":100},"functions":{"total":2,"covered":2,"skipped":0,"pct":100},"statements":{"total":12,"covered":12,"skipped":0,"pct":100},"branches":{"total":8,"covered":8,"skipped":0,"pct":100}}
}
